Using pre-set license
Built from '2020.3/release' branch; Version is '2020.3.2f1 (8fd9074bf66c) revision 9427207'; Using compiler version '192528614'; Build Type 'Release'
OS: 'Windows 10 Home; OS build 22000.675; Version 2009; 64bit' Language: 'ru' Physical Memory: 8072 MB
BatchMode: 1, IsHumanControllingUs: 0, StartBugReporterOnCrash: 0, Is64bit: 1, IsPro: 0

 COMMAND LINE ARGUMENTS:
C:\Program Files\Unity\Hub\Editor\2020.3.2f1\Editor\Unity.exe
-adb2
-batchMode
-noUpm
-name
AssetImportWorker0
-projectPath
C:/Users/endsh/OneDrive/Рабочий стол/Unity-Creative-Project
-logFile
Logs/AssetImportWorker0.log
-srvPort
50015
Successfully changed project path to: C:/Users/endsh/OneDrive/Рабочий стол/Unity-Creative-Project
C:/Users/endsh/OneDrive/Рабочий стол/Unity-Creative-Project
Using Asset Import Pipeline V2.
Refreshing native plugins compatible for Editor in 227.66 ms, found 2 plugins.
Preloading 0 native plugins for Editor in 0.00 ms.
Initialize engine version: 2020.3.2f1 (8fd9074bf66c)
[Subsystems] Discovering subsystems at path C:/Program Files/Unity/Hub/Editor/2020.3.2f1/Editor/Data/Resources/UnitySubsystems
[Subsystems] Discovering subsystems at path C:/Users/endsh/OneDrive/Рабочий стол/Unity-Creative-Project/Assets
GfxDevice: creating device client; threaded=0
Direct3D:
    Version:  Direct3D 11.0 [level 11.1]
    Renderer: NVIDIA GeForce GTX 1650 (ID=0x1f91)
    Vendor:   
    VRAM:     3962 MB
    Driver:   27.21.14.6140
Initialize mono
Mono path[0] = 'C:/Program Files/Unity/Hub/Editor/2020.3.2f1/Editor/Data/Managed'
Mono path[1] = 'C:/Program Files/Unity/Hub/Editor/2020.3.2f1/Editor/Data/MonoBleedingEdge/lib/mono/unityjit'
Mono config path = 'C:/Program Files/Unity/Hub/Editor/2020.3.2f1/Editor/Data/MonoBleedingEdge/etc'
Using monoOptions --debugger-agent=transport=dt_socket,embedding=1,server=y,suspend=n,address=127.0.0.1:56776
Begin MonoManager ReloadAssembly
Registering precompiled unity dll's ...
Register platform support module: C:/Program Files/Unity/Hub/Editor/2020.3.2f1/Editor/Data/PlaybackEngines/WebGLSupport/UnityEditor.WebGL.Extensions.dll
Register platform support module: C:/Program Files/Unity/Hub/Editor/2020.3.2f1/Editor/Data/PlaybackEngines/WindowsStandaloneSupport/UnityEditor.WindowsStandalone.Extensions.dll
Registered in 0.002803 seconds.
Native extension for WindowsStandalone target not found
Native extension for WebGL target not found
Refreshing native plugins compatible for Editor in 45.48 ms, found 2 plugins.
Preloading 0 native plugins for Editor in 0.00 ms.
Invoked RoslynAnalysisRunner static constructor.
RoslynAnalysisRunner will not be running.
RoslynAnalysisRunner has terminated.
Mono: successfully reloaded assembly
- Completed reload, in  1.784 seconds
Platform modules already initialized, skipping
Registering precompiled user dll's ...
Registered in 0.006837 seconds.
Begin MonoManager ReloadAssembly
Native extension for WindowsStandalone target not found
Native extension for WebGL target not found
Refreshing native plugins compatible for Editor in 0.44 ms, found 2 plugins.
Preloading 0 native plugins for Editor in 0.00 ms.
Invoked RoslynAnalysisRunner static constructor.
RoslynAnalysisRunner will not be running.
RoslynAnalysisRunner has terminated.
Mono: successfully reloaded assembly
- Completed reload, in  2.167 seconds
Platform modules already initialized, skipping
========================================================================
Worker process is ready to serve import requests
Launched and connected shader compiler UnityShaderCompiler.exe after 0.15 seconds
Refreshing native plugins compatible for Editor in 0.64 ms, found 2 plugins.
Preloading 0 native plugins for Editor in 0.00 ms.
Unloading 1513 Unused Serialized files (Serialized files now loaded: 0)
System memory in use before: 68.6 MB.
System memory in use after: 68.7 MB.

Unloading 19 unused Assets to reduce memory usage. Loaded Objects now: 1949.
Total: 5.416400 ms (FindLiveObjects: 0.379200 ms CreateObjectMapping: 0.149400 ms MarkObjects: 4.700500 ms  DeleteObjects: 0.183400 ms)

========================================================================
Received Import Request.
  path: Assets/Scripts/UI/GameUIHandler.cs
  artifactKey: Guid(ed607653b432c604da35d9678ed36e0c) Importer(815301076,1909f56bfc062723c751e8b465ee728b)
Start importing Assets/Scripts/UI/GameUIHandler.cs using Guid(ed607653b432c604da35d9678ed36e0c) Importer(815301076,1909f56bfc062723c751e8b465ee728b)  -> (artifact id: '089acd6d37e8c75286bec6eaf473fb22') in 0.212331 seconds
  Import took 0.219482 seconds .

========================================================================
Received Import Request.
  Time since last request: 16.492465 seconds.
  path: Assets/Scripts/UI/MenuUIHandler.cs
  artifactKey: Guid(8cb47c864bcf00c4bb6d04851491a93a) Importer(815301076,1909f56bfc062723c751e8b465ee728b)
Start importing Assets/Scripts/UI/MenuUIHandler.cs using Guid(8cb47c864bcf00c4bb6d04851491a93a) Importer(815301076,1909f56bfc062723c751e8b465ee728b)  -> (artifact id: 'b78877db3e912e83158647174a975f3b') in 0.029030 seconds
  Import took 0.038455 seconds .

========================================================================
Received Import Request.
  Time since last request: 3.045373 seconds.
  path: Assets/Scripts/GameManager.cs
  artifactKey: Guid(22a91dea16e27a647b7ac4ee46fe8306) Importer(815301076,1909f56bfc062723c751e8b465ee728b)
Start importing Assets/Scripts/GameManager.cs using Guid(22a91dea16e27a647b7ac4ee46fe8306) Importer(815301076,1909f56bfc062723c751e8b465ee728b)  -> (artifact id: '16daae12150bfbbb50f730220881f179') in 0.010967 seconds
  Import took 0.014607 seconds .

========================================================================
Received Import Request.
  Time since last request: 42.940378 seconds.
  path: Assets/Scenes/Main.unity
  artifactKey: Guid(0a2e879f009d0484e928e3b6303850f6) Importer(815301076,1909f56bfc062723c751e8b465ee728b)
Start importing Assets/Scenes/Main.unity using Guid(0a2e879f009d0484e928e3b6303850f6) Importer(815301076,1909f56bfc062723c751e8b465ee728b)  -> (artifact id: '4bdf0fdc4c608d4b2220f406e2daca80') in 0.117472 seconds
  Import took 0.124010 seconds .

AssetImportWorkerClient::OnTransportError - code=2 error=End of file
